<?xml version="1.0" encoding="UTF-8"?>
<!-- Generated by org.testng.reporters.JUnitReportReporter -->
<testsuite hostname="DESKTOP-3DF9MPT" failures="0" tests="1" name="entrata.Resources" time="25.132" errors="0" timestamp="2024-03-06T11:34:56 IST" skipped="0">
  <testcase classname="entrata.Resources" name="productdropdown" time="25.132"/>
  <system-out/>
</testsuite> <!-- entrata.Resources -->
