<?xml version="1.0" encoding="UTF-8"?>
<!-- Generated by org.testng.reporters.JUnitReportReporter -->
<testsuite hostname="DESKTOP-3DF9MPT" failures="0" tests="1" name="day6_listener.Testcase2" time="0.001" errors="0" timestamp="2023-04-30T22:08:55 IST" skipped="0">
  <testcase classname="day6_listener.Testcase2" name="tc3" time="0.001"/>
  <system-out/>
</testsuite> <!-- day6_listener.Testcase2 -->
