<?xml version="1.0" encoding="UTF-8"?>
<!-- Generated by org.testng.reporters.JUnitReportReporter -->
<testsuite hostname="DESKTOP-3DF9MPT" failures="0" tests="1" name="entrata.baseCamp" time="64.859" errors="0" timestamp="2024-03-06T11:34:56 IST" skipped="0">
  <testcase classname="entrata.baseCamp" name="basecamp" time="64.859"/>
  <system-out/>
</testsuite> <!-- entrata.baseCamp -->
