<?xml version="1.0" encoding="UTF-8"?>
<!-- Generated by org.testng.reporters.JUnitReportReporter -->
<testsuite hostname="DESKTOP-3DF9MPT" failures="0" tests="1" name="entrata.Sign_in" time="40.076" errors="0" timestamp="2024-03-06T11:34:56 IST" skipped="0">
  <testcase classname="entrata.Sign_in" name="SignIn" time="40.076"/>
  <system-out/>
</testsuite> <!-- entrata.Sign_in -->
