<?xml version="1.0" encoding="UTF-8"?>
<!-- Generated by org.testng.reporters.JUnitReportReporter -->
<testsuite hostname="DESKTOP-3DF9MPT" failures="0" tests="4" name="day5_testng.Test1" time="12.042" errors="0" timestamp="2024-03-06T11:01:21 IST" skipped="0">
  <testcase classname="day5_testng.Test1" name="tc1" time="4.013"/>
  <system-out/>
  <testcase classname="day5_testng.Test1" name="tc1" time="4.014"/>
  <system-out/>
  <testcase classname="day5_testng.Test1" name="tc1" time="4.014"/>
  <system-out/>
  <testcase classname="day5_testng.Test1" name="tc2" time="0.001"/>
  <system-out/>
</testsuite> <!-- day5_testng.Test1 -->
