<?xml version="1.0" encoding="UTF-8"?>
<!-- Generated by org.testng.reporters.JUnitReportReporter -->
<testsuite hostname="DESKTOP-3DF9MPT" failures="0" tests="1" name="day5_testng.Test2" time="0.008" errors="0" timestamp="2024-03-06T11:01:21 IST" skipped="0">
  <testcase classname="day5_testng.Test2" name="tc3" time="0.008"/>
  <system-out/>
</testsuite> <!-- day5_testng.Test2 -->
