<?xml version="1.0" encoding="UTF-8"?>
<!-- Generated by org.testng.reporters.JUnitReportReporter -->
<testsuite hostname="DESKTOP-3DF9MPT" failures="0" tests="3" name="day5_testng.Testng_Annotation" time="0.009" errors="0" timestamp="2024-02-07T09:42:24 IST" skipped="0">
  <testcase classname="day5_testng.Testng_Annotation" name="testcase2" time="0.003"/>
  <system-out/>
  <testcase classname="day5_testng.Testng_Annotation" name="testcase2" time="0.005"/>
  <system-out/>
  <testcase classname="day5_testng.Testng_Annotation" name="testcase1" time="0.001"/>
  <system-out/>
</testsuite> <!-- day5_testng.Testng_Annotation -->
